<?xml version="1.0"?>
<!DOCTYPE coverage SYSTEM "http://cobertura.sourceforge.net/xml/coverage-04.dtd">

<coverage line-rate="0.0" branch-rate="1.0" lines-covered="0" lines-valid="1" branches-covered="0" branches-valid="0" complexity="0.0" version="1.9.4.1" timestamp="1337005836708">
	<sources>
		<source>--source</source>
		<source>C:/Users/Anis/Desktop/sanaindeksi/sanaindeksi/src/main/java</source>
	</sources>
	<packages>
		<package name="tira.sanaindeksi" line-rate="0.0" branch-rate="1.0" complexity="0.0">
			<classes>
				<class name="tira.sanaindeksi.main" filename="tira/sanaindeksi/main.java" line-rate="0.0" branch-rate="1.0" complexity="0.0">
					<methods>
						<method name="&lt;init&gt;" signature="()V" line-rate="0.0" branch-rate="1.0">
							<lines>
								<line number="12" hits="0" branch="false"/>
							</lines>
						</method>
					</methods>
					<lines>
						<line number="12" hits="0" branch="false"/>
					</lines>
				</class>
			</classes>
		</package>
	</packages>
</coverage>
